<?xml version="1.0" encoding="UTF-8"?>
<!-- Generated by org.testng.reporters.JUnitReportReporter -->
<testsuite hostname="IjasBincy" failures="0" tests="1" name="OrangeHRM.TestCases" time="12.219" errors="0" timestamp="2024-06-18T11:40:46 IST" skipped="0">
  <testcase classname="OrangeHRM.TestCases" name="SideMenuOptionVerification" time="12.219"/>
</testsuite> <!-- OrangeHRM.TestCases -->
